#
# There is insufficient memory for the Java Runtime Environment to continue.
# Native memory allocation (mmap) failed to map 65536 bytes for Failed to commit metaspace.
# Possible reasons:
#   The system is out of physical RAM or swap space
#   The process is running with CompressedOops enabled, and the Java Heap may be blocking the growth of the native heap
# Possible solutions:
#   Reduce memory load on the system
#   Increase physical memory or swap space
#   Check if swap backing store is full
#   Decrease Java heap size (-Xmx/-Xms)
#   Decrease number of Java threads
#   Decrease Java thread stack sizes (-Xss)
#   Set larger code cache with -XX:ReservedCodeCacheSize=
#   JVM is running with Unscaled Compressed Oops mode in which the Java heap is
#     placed in the first 4GB address space. The Java Heap base address is the
#     maximum limit for the native heap growth. Please use -XX:HeapBaseMinAddress
#     to set the Java Heap base and to place the Java Heap above 4GB virtual address.
# This output file may be truncated or incomplete.
#
#  Out of Memory Error (virtualSpaceNode.cpp:112), pid=10136, tid=24816
#
# JRE version: Java(TM) SE Runtime Environment (21.0.2+13) (build 21.0.2+13-LTS-58)
# Java VM: Java HotSpot(TM) 64-Bit Server VM (21.0.2+13-LTS-58, mixed mode, sharing, tiered, compressed oops, compressed class ptrs, g1 gc, windows-amd64)
# No core dump will be written. Minidumps are not enabled by default on client versions of Windows
#

---------------  S U M M A R Y ------------

Command Line: -Dfile.encoding=UTF-8 -Dstdout.encoding=UTF-8 -Dstderr.encoding=UTF-8 -XX:+ShowCodeDetailsInExceptionMessages Bank_Management_System1.SingUp_1

Host: AMD Ryzen 5 5600H with Radeon Graphics         , 12 cores, 7G,  Windows 11 , 64 bit Build 22621 (10.0.22621.3672)
Time: Wed Jun  5 12:07:07 2024 India Standard Time elapsed time: 0.633826 seconds (0d 0h 0m 0s)

---------------  T H R E A D  ---------------

Current thread (0x000002609d89c4d0):  JavaThread "main"             [_thread_in_vm, id=24816, stack(0x000000d753c00000,0x000000d753d00000) (1024K)]

Stack: [0x000000d753c00000,0x000000d753d00000]
Native frames: (J=compiled Java code, j=interpreted, Vv=VM code, C=native code)
V  [jvm.dll+0x6cade9]
V  [jvm.dll+0x8569c1]
V  [jvm.dll+0x858d2e]
V  [jvm.dll+0x859413]
V  [jvm.dll+0x280e56]
V  [jvm.dll+0x8526ee]
V  [jvm.dll+0x66e705]
V  [jvm.dll+0x1e68cc]
V  [jvm.dll+0x1e669e]
V  [jvm.dll+0x67104c]
V  [jvm.dll+0x670e62]
V  [jvm.dll+0x66f0de]
V  [jvm.dll+0x3be1bf]
V  [jvm.dll+0x20fbdb]
V  [jvm.dll+0x5ad406]
V  [jvm.dll+0x21f76a]
V  [jvm.dll+0x7cec21]
V  [jvm.dll+0x7cfc85]
V  [jvm.dll+0x7d022f]
V  [jvm.dll+0x7cfed8]
V  [jvm.dll+0x26ed7b]
V  [jvm.dll+0x3d3c0e]
C  0x00000260af4fa814

The last pc belongs to new (printed below).
Java frames: (J=compiled Java code, j=interpreted, Vv=VM code)
j  javax.swing.text.DefaultEditorKit.<clinit>()V+476 java.desktop@21.0.2
v  ~StubRoutines::call_stub 0x00000260af4e100d
j  javax.swing.plaf.basic.BasicTextUI.<clinit>()V+11 java.desktop@21.0.2
v  ~StubRoutines::call_stub 0x00000260af4e100d
j  java.lang.Class.forName0(Ljava/lang/String;ZLjava/lang/ClassLoader;Ljava/lang/Class;)Ljava/lang/Class;+0 java.base@21.0.2
j  java.lang.Class.forName(Ljava/lang/String;ZLjava/lang/ClassLoader;Ljava/lang/Class;)Ljava/lang/Class;+37 java.base@21.0.2
j  java.lang.Class.forName(Ljava/lang/String;ZLjava/lang/ClassLoader;)Ljava/lang/Class;+20 java.base@21.0.2
j  javax.swing.SwingUtilities.loadSystemClass(Ljava/lang/String;)Ljava/lang/Class;+12 java.desktop@21.0.2
j  javax.swing.UIDefaults.getUIClass(Ljava/lang/String;Ljava/lang/ClassLoader;)Ljava/lang/Class;+37 java.desktop@21.0.2
j  javax.swing.UIDefaults.getUI(Ljavax/swing/JComponent;)Ljavax/swing/plaf/ComponentUI;+32 java.desktop@21.0.2
j  javax.swing.UIManager.getUI(Ljavax/swing/JComponent;)Ljavax/swing/plaf/ComponentUI;+37 java.desktop@21.0.2
j  javax.swing.text.JTextComponent.updateUI()V+2 java.desktop@21.0.2
j  javax.swing.text.JTextComponent.<init>()V+62 java.desktop@21.0.2
j  javax.swing.JTextField.<init>(Ljavax/swing/text/Document;Ljava/lang/String;I)V+1 java.desktop@21.0.2
j  javax.swing.JTextField.<init>()V+4 java.desktop@21.0.2
j  Bank_Management_System1.SingUp_1.<init>()V+200
j  Bank_Management_System1.SingUp_1.main([Ljava/lang/String;)V+3
v  ~StubRoutines::call_stub 0x00000260af4e100d
new  187 new  [0x00000260af4fa680, 0x00000260af4fa888]  520 bytes
[MachCode]
  0x00000260af4fa680: 4883 ec08 | c5fa 1104 | 24eb 1f48 | 83ec 10c5 | fb11 0424 | eb14 4883 | ec10 4889 | 0424 48c7 
  0x00000260af4fa6a0: 4424 0800 | 0000 00eb | 0150 410f | b755 010f | cac1 ea10 | 488b 4de8 | 488b 4908 | 488b 4908 
  0x00000260af4fa6c0: 488b 4108 | 807c 1004 | 070f 85d3 | 0000 0066 | 8b54 d148 | 488b 4928 | 488b 4cd1 | 0851 80b9 
  0x00000260af4fa6e0: 2001 0000 | 050f 85b6 | 0000 008b | 5108 f6c2 | 010f 85aa | 0000 0049 | 8b87 b801 | 0000 488d 
  0x00000260af4fa700: 1c10 493b | 9fc8 0100 | 000f 8792 | 0000 0049 | 899f b801 | 0000 4883 | ea10 0f84 | 0f00 0000 
  0x00000260af4fa720: 33c9 c1ea | 0348 894c | d008 48ff | ca75 f648 | c700 0100 | 0000 5933 | f689 700c | 49ba 0000 
  0x00000260af4fa740: 00bd 6002 | 0000 492b | ca89 4808 | 49ba fa45 | 88ef ff7f | 0000 4180 | 3a00 0f84 | 3c00 0000 
  0x00000260af4fa760: 5048 8bc8 | 4883 ec20 | 40f6 c40f | 0f84 1900 | 0000 4883 | ec08 48b8 | 8009 39ef | ff7f 0000 
  0x00000260af4fa780: ffd0 4883 | c408 e90c | 0000 0048 | b880 0939 | efff 7f00 | 00ff d048 | 83c4 2058 | e9cb 0000 
  0x00000260af4fa7a0: 0059 488b | 55e8 488b | 5208 488b | 5208 450f | b745 0141 | 0fc8 41c1 | e810 e805 | 0000 00e9 
  0x00000260af4fa7c0: a800 0000 | 488d 4424 | 084c 896d | c049 8bcf | c5f8 7749 | 89af a803 | 0000 4989 | 8798 0300 
  0x00000260af4fa7e0: 0048 83ec | 2040 f6c4 | 0f0f 8419 | 0000 0048 | 83ec 0848 | b8c0 3b03 | efff 7f00 | 00ff d048 
  0x00000260af4fa800: 83c4 08e9 | 0c00 0000 | 48b8 c03b | 03ef ff7f | 0000 ffd0 | 4883 c420 | 49c7 8798 | 0300 0000 
  0x00000260af4fa820: 0000 0049 | c787 a803 | 0000 0000 | 0000 49c7 | 87a0 0300 | 0000 0000 | 00c5 f877 | 4983 7f08 
  0x00000260af4fa840: 000f 8405 | 0000 00e9 | b466 feff | 498b 87f0 | 0300 0049 | c787 f003 | 0000 0000 | 0000 4c8b 
  0x00000260af4fa860: 6dc0 4c8b | 75c8 4e8d | 74f5 00c3 | 410f b65d | 0349 83c5 | 0349 ba00 | 078b efff | 7f00 0041 
  0x00000260af4fa880: ff24 da0f | 1f44 0000 
[/MachCode]

---------------  P R O C E S S  ---------------

Threads class SMR info:
_java_thread_list=0x00000260bca20860, length=14, elements={
0x000002609d89c4d0, 0x00000260bc607530, 0x00000260bc608ba0, 0x00000260bc60db50,
0x00000260bc60e5b0, 0x00000260bc60fc40, 0x00000260bc610f70, 0x00000260bc61c4b0,
0x00000260bc61f320, 0x00000260bc8645e0, 0x00000260bc86ae30, 0x00000260bca33e80,
0x00000260bca36fb0, 0x00000260bca3b7a0
}

Java Threads: ( => current thread )
=>0x000002609d89c4d0 JavaThread "main"                              [_thread_in_vm, id=24816, stack(0x000000d753c00000,0x000000d753d00000) (1024K)]
  0x00000260bc607530 JavaThread "Reference Handler"          daemon [_thread_blocked, id=24952, stack(0x000000d754400000,0x000000d754500000) (1024K)]
  0x00000260bc608ba0 JavaThread "Finalizer"                  daemon [_thread_blocked, id=24948, stack(0x000000d754500000,0x000000d754600000) (1024K)]
  0x00000260bc60db50 JavaThread "Signal Dispatcher"          daemon [_thread_blocked, id=24960, stack(0x000000d754600000,0x000000d754700000) (1024K)]
  0x00000260bc60e5b0 JavaThread "Attach Listener"            daemon [_thread_blocked, id=24932, stack(0x000000d754700000,0x000000d754800000) (1024K)]
  0x00000260bc60fc40 JavaThread "Service Thread"             daemon [_thread_blocked, id=24936, stack(0x000000d754800000,0x000000d754900000) (1024K)]
  0x00000260bc610f70 JavaThread "Monitor Deflation Thread"   daemon [_thread_blocked, id=24868, stack(0x000000d754900000,0x000000d754a00000) (1024K)]
  0x00000260bc61c4b0 JavaThread "C2 CompilerThread0"         daemon [_thread_blocked, id=24892, stack(0x000000d754a00000,0x000000d754b00000) (1024K)]
  0x00000260bc61f320 JavaThread "C1 CompilerThread0"         daemon [_thread_blocked, id=24972, stack(0x000000d754b00000,0x000000d754c00000) (1024K)]
  0x00000260bc8645e0 JavaThread "Notification Thread"        daemon [_thread_blocked, id=24896, stack(0x000000d754c00000,0x000000d754d00000) (1024K)]
  0x00000260bc86ae30 JavaThread "Common-Cleaner"             daemon [_thread_blocked, id=24824, stack(0x000000d754d00000,0x000000d754e00000) (1024K)]
  0x00000260bca33e80 JavaThread "Java2D Disposer"            daemon [_thread_blocked, id=23140, stack(0x000000d754e00000,0x000000d754f00000) (1024K)]
  0x00000260bca36fb0 JavaThread "AWT-Shutdown"                      [_thread_blocked, id=24872, stack(0x000000d754f00000,0x000000d755000000) (1024K)]
  0x00000260bca3b7a0 JavaThread "AWT-Windows"                daemon [_thread_in_native, id=24860, stack(0x000000d755000000,0x000000d755100000) (1024K)]
Total: 14

Other Threads:
  0x00000260bc5ea430 VMThread "VM Thread"                           [id=24976, stack(0x000000d754300000,0x000000d754400000) (1024K)]
  0x00000260bc5cf300 WatcherThread "VM Periodic Task Thread"        [id=24956, stack(0x000000d754200000,0x000000d754300000) (1024K)]
  0x000002609fb99140 WorkerThread "GC Thread#0"                     [id=24812, stack(0x000000d753d00000,0x000000d753e00000) (1024K)]
  0x000002609fba9380 ConcurrentGCThread "G1 Main Marker"            [id=14136, stack(0x000000d753e00000,0x000000d753f00000) (1024K)]
  0x000002609fbaa6e0 WorkerThread "G1 Conc#0"                       [id=24900, stack(0x000000d753f00000,0x000000d754000000) (1024K)]
  0x00000260bc4a64f0 ConcurrentGCThread "G1 Refine#0"               [id=24964, stack(0x000000d754000000,0x000000d754100000) (1024K)]
  0x000002609fc0e4d0 ConcurrentGCThread "G1 Service"                [id=24944, stack(0x000000d754100000,0x000000d754200000) (1024K)]
Total: 7

Threads with active compile tasks:
Total: 0

VM state: not at safepoint (normal execution)

VM Mutex/Monitor currently owned by a thread:  ([mutex/lock_event])
[0x00007fffef89ace8] Metaspace_lock - owner thread: 0x000002609d89c4d0

Heap address: 0x000000008a600000, size: 1882 MB, Compressed Oops mode: 32-bit

CDS archive(s) mapped at: [0x00000260bd000000-0x00000260bdc90000-0x00000260bdc90000), size 13172736, SharedBaseAddress: 0x00000260bd000000, ArchiveRelocationMode: 1.
Compressed class space mapped at: 0x00000260be000000-0x00000260fe000000, reserved size: 1073741824
Narrow klass base: 0x00000260bd000000, Narrow klass shift: 0, Narrow klass range: 0x100000000

GC Precious Log:
 CardTable entry size: 512
 Card Set container configuration: InlinePtr #cards 5 size 8 Array Of Cards #cards 12 size 40 Howl #buckets 4 coarsen threshold 1843 Howl Bitmap #cards 512 size 80 coarsen threshold 460 Card regions per heap region 1 cards per card region 2048
 CPUs: 12 total, 12 available
 Memory: 7521M
 Large Page Support: Disabled
 NUMA Support: Disabled
 Compressed Oops: Enabled (32-bit)
 Heap Region Size: 1M
 Heap Min Capacity: 8M
 Heap Initial Capacity: 118M
 Heap Max Capacity: 1882M
 Pre-touch: Disabled
 Parallel Workers: 10
 Concurrent Workers: 3
 Concurrent Refinement Workers: 10
 Periodic GC: Disabled

Heap:
 garbage-first heap   total 120832K, used 4096K [0x000000008a600000, 0x0000000100000000)
  region size 1024K, 5 young (5120K), 0 survivors (0K)
 Metaspace       used 4452K, committed 4544K, reserved 1114112K
  class space    used 479K, committed 512K, reserved 1048576K

Heap Regions: E=young(eden), S=young(survivor), O=old, HS=humongous(starts), HC=humongous(continues), CS=collection set, F=free, TAMS=top-at-mark-start, PB=parsable bottom
|   0|0x000000008a600000, 0x000000008a600000, 0x000000008a700000|  0%| F|  |TAMS 0x000000008a600000| PB 0x000000008a600000| Untracked 
|   1|0x000000008a700000, 0x000000008a700000, 0x000000008a800000|  0%| F|  |TAMS 0x000000008a700000| PB 0x000000008a700000| Untracked 
|   2|0x000000008a800000, 0x000000008a800000, 0x000000008a900000|  0%| F|  |TAMS 0x000000008a800000| PB 0x000000008a800000| Untracked 
|   3|0x000000008a900000, 0x000000008a900000, 0x000000008aa00000|  0%| F|  |TAMS 0x000000008a900000| PB 0x000000008a900000| Untracked 
|   4|0x000000008aa00000, 0x000000008aa00000, 0x000000008ab00000|  0%| F|  |TAMS 0x000000008aa00000| PB 0x000000008aa00000| Untracked 
|   5|0x000000008ab00000, 0x000000008ab00000, 0x000000008ac00000|  0%| F|  |TAMS 0x000000008ab00000| PB 0x000000008ab00000| Untracked 
|   6|0x000000008ac00000, 0x000000008ac00000, 0x000000008ad00000|  0%| F|  |TAMS 0x000000008ac00000| PB 0x000000008ac00000| Untracked 
|   7|0x000000008ad00000, 0x000000008ad00000, 0x000000008ae00000|  0%| F|  |TAMS 0x000000008ad00000| PB 0x000000008ad00000| Untracked 
|   8|0x000000008ae00000, 0x000000008ae00000, 0x000000008af00000|  0%| F|  |TAMS 0x000000008ae00000| PB 0x000000008ae00000| Untracked 
|   9|0x000000008af00000, 0x000000008af00000, 0x000000008b000000|  0%| F|  |TAMS 0x000000008af00000| PB 0x000000008af00000| Untracked 
|  10|0x000000008b000000, 0x000000008b000000, 0x000000008b100000|  0%| F|  |TAMS 0x000000008b000000| PB 0x000000008b000000| Untracked 
|  11|0x000000008b100000, 0x000000008b100000, 0x000000008b200000|  0%| F|  |TAMS 0x000000008b100000| PB 0x000000008b100000| Untracked 
|  12|0x000000008b200000, 0x000000008b200000, 0x000000008b300000|  0%| F|  |TAMS 0x000000008b200000| PB 0x000000008b200000| Untracked 
|  13|0x000000008b300000, 0x000000008b300000, 0x000000008b400000|  0%| F|  |TAMS 0x000000008b300000| PB 0x000000008b300000| Untracked 
|  14|0x000000008b400000, 0x000000008b400000, 0x000000008b500000|  0%| F|  |TAMS 0x000000008b400000| PB 0x000000008b400000| Untracked 
|  15|0x000000008b500000, 0x000000008b500000, 0x000000008b600000|  0%| F|  |TAMS 0x000000008b500000| PB 0x000000008b500000| Untracked 
|  16|0x000000008b600000, 0x000000008b600000, 0x000000008b700000|  0%| F|  |TAMS 0x000000008b600000| PB 0x000000008b600000| Untracked 
|  17|0x000000008b700000, 0x000000008b700000, 0x000000008b800000|  0%| F|  |TAMS 0x000000008b700000| PB 0x000000008b700000| Untracked 
|  18|0x000000008b800000, 0x000000008b800000, 0x000000008b900000|  0%| F|  |TAMS 0x000000008b800000| PB 0x000000008b800000| Untracked 
|  19|0x000000008b900000, 0x000000008b900000, 0x000000008ba00000|  0%| F|  |TAMS 0x000000008b900000| PB 0x000000008b900000| Untracked 
|  20|0x000000008ba00000, 0x000000008ba00000, 0x000000008bb00000|  0%| F|  |TAMS 0x000000008ba00000| PB 0x000000008ba00000| Untracked 
|  21|0x000000008bb00000, 0x000000008bb00000, 0x000000008bc00000|  0%| F|  |TAMS 0x000000008bb00000| PB 0x000000008bb00000| Untracked 
|  22|0x000000008bc00000, 0x000000008bc00000, 0x000000008bd00000|  0%| F|  |TAMS 0x000000008bc00000| PB 0x000000008bc00000| Untracked 
|  23|0x000000008bd00000, 0x000000008bd00000, 0x000000008be00000|  0%| F|  |TAMS 0x000000008bd00000| PB 0x000000008bd00000| Untracked 
|  24|0x000000008be00000, 0x000000008be00000, 0x000000008bf00000|  0%| F|  |TAMS 0x000000008be00000| PB 0x000000008be00000| Untracked 
|  25|0x000000008bf00000, 0x000000008bf00000, 0x000000008c000000|  0%| F|  |TAMS 0x000000008bf00000| PB 0x000000008bf00000| Untracked 
|  26|0x000000008c000000, 0x000000008c000000, 0x000000008c100000|  0%| F|  |TAMS 0x000000008c000000| PB 0x000000008c000000| Untracked 
|  27|0x000000008c100000, 0x000000008c100000, 0x000000008c200000|  0%| F|  |TAMS 0x000000008c100000| PB 0x000000008c100000| Untracked 
|  28|0x000000008c200000, 0x000000008c200000, 0x000000008c300000|  0%| F|  |TAMS 0x000000008c200000| PB 0x000000008c200000| Untracked 
|  29|0x000000008c300000, 0x000000008c300000, 0x000000008c400000|  0%| F|  |TAMS 0x000000008c300000| PB 0x000000008c300000| Untracked 
|  30|0x000000008c400000, 0x000000008c400000, 0x000000008c500000|  0%| F|  |TAMS 0x000000008c400000| PB 0x000000008c400000| Untracked 
|  31|0x000000008c500000, 0x000000008c500000, 0x000000008c600000|  0%| F|  |TAMS 0x000000008c500000| PB 0x000000008c500000| Untracked 
|  32|0x000000008c600000, 0x000000008c600000, 0x000000008c700000|  0%| F|  |TAMS 0x000000008c600000| PB 0x000000008c600000| Untracked 
|  33|0x000000008c700000, 0x000000008c700000, 0x000000008c800000|  0%| F|  |TAMS 0x000000008c700000| PB 0x000000008c700000| Untracked 
|  34|0x000000008c800000, 0x000000008c800000, 0x000000008c900000|  0%| F|  |TAMS 0x000000008c800000| PB 0x000000008c800000| Untracked 
|  35|0x000000008c900000, 0x000000008c900000, 0x000000008ca00000|  0%| F|  |TAMS 0x000000008c900000| PB 0x000000008c900000| Untracked 
|  36|0x000000008ca00000, 0x000000008ca00000, 0x000000008cb00000|  0%| F|  |TAMS 0x000000008ca00000| PB 0x000000008ca00000| Untracked 
|  37|0x000000008cb00000, 0x000000008cb00000, 0x000000008cc00000|  0%| F|  |TAMS 0x000000008cb00000| PB 0x000000008cb00000| Untracked 
|  38|0x000000008cc00000, 0x000000008cc00000, 0x000000008cd00000|  0%| F|  |TAMS 0x000000008cc00000| PB 0x000000008cc00000| Untracked 
|  39|0x000000008cd00000, 0x000000008cd00000, 0x000000008ce00000|  0%| F|  |TAMS 0x000000008cd00000| PB 0x000000008cd00000| Untracked 
|  40|0x000000008ce00000, 0x000000008ce00000, 0x000000008cf00000|  0%| F|  |TAMS 0x000000008ce00000| PB 0x000000008ce00000| Untracked 
|  41|0x000000008cf00000, 0x000000008cf00000, 0x000000008d000000|  0%| F|  |TAMS 0x000000008cf00000| PB 0x000000008cf00000| Untracked 
|  42|0x000000008d000000, 0x000000008d000000, 0x000000008d100000|  0%| F|  |TAMS 0x000000008d000000| PB 0x000000008d000000| Untracked 
|  43|0x000000008d100000, 0x000000008d100000, 0x000000008d200000|  0%| F|  |TAMS 0x000000008d100000| PB 0x000000008d100000| Untracked 
|  44|0x000000008d200000, 0x000000008d200000, 0x000000008d300000|  0%| F|  |TAMS 0x000000008d200000| PB 0x000000008d200000| Untracked 
|  45|0x000000008d300000, 0x000000008d300000, 0x000000008d400000|  0%| F|  |TAMS 0x000000008d300000| PB 0x000000008d300000| Untracked 
|  46|0x000000008d400000, 0x000000008d400000, 0x000000008d500000|  0%| F|  |TAMS 0x000000008d400000| PB 0x000000008d400000| Untracked 
|  47|0x000000008d500000, 0x000000008d500000, 0x000000008d600000|  0%| F|  |TAMS 0x000000008d500000| PB 0x000000008d500000| Untracked 
|  48|0x000000008d600000, 0x000000008d600000, 0x000000008d700000|  0%| F|  |TAMS 0x000000008d600000| PB 0x000000008d600000| Untracked 
|  49|0x000000008d700000, 0x000000008d700000, 0x000000008d800000|  0%| F|  |TAMS 0x000000008d700000| PB 0x000000008d700000| Untracked 
|  50|0x000000008d800000, 0x000000008d800000, 0x000000008d900000|  0%| F|  |TAMS 0x000000008d800000| PB 0x000000008d800000| Untracked 
|  51|0x000000008d900000, 0x000000008d900000, 0x000000008da00000|  0%| F|  |TAMS 0x000000008d900000| PB 0x000000008d900000| Untracked 
|  52|0x000000008da00000, 0x000000008da00000, 0x000000008db00000|  0%| F|  |TAMS 0x000000008da00000| PB 0x000000008da00000| Untracked 
|  53|0x000000008db00000, 0x000000008db00000, 0x000000008dc00000|  0%| F|  |TAMS 0x000000008db00000| PB 0x000000008db00000| Untracked 
|  54|0x000000008dc00000, 0x000000008dc00000, 0x000000008dd00000|  0%| F|  |TAMS 0x000000008dc00000| PB 0x000000008dc00000| Untracked 
|  55|0x000000008dd00000, 0x000000008dd00000, 0x000000008de00000|  0%| F|  |TAMS 0x000000008dd00000| PB 0x000000008dd00000| Untracked 
|  56|0x000000008de00000, 0x000000008de00000, 0x000000008df00000|  0%| F|  |TAMS 0x000000008de00000| PB 0x000000008de00000| Untracked 
|  57|0x000000008df00000, 0x000000008df00000, 0x000000008e000000|  0%| F|  |TAMS 0x000000008df00000| PB 0x000000008df00000| Untracked 
|  58|0x000000008e000000, 0x000000008e000000, 0x000000008e100000|  0%| F|  |TAMS 0x000000008e000000| PB 0x000000008e000000| Untracked 
|  59|0x000000008e100000, 0x000000008e100000, 0x000000008e200000|  0%| F|  |TAMS 0x000000008e100000| PB 0x000000008e100000| Untracked 
|  60|0x000000008e200000, 0x000000008e200000, 0x000000008e300000|  0%| F|  |TAMS 0x000000008e200000| PB 0x000000008e200000| Untracked 
|  61|0x000000008e300000, 0x000000008e300000, 0x000000008e400000|  0%| F|  |TAMS 0x000000008e300000| PB 0x000000008e300000| Untracked 
|  62|0x000000008e400000, 0x000000008e400000, 0x000000008e500000|  0%| F|  |TAMS 0x000000008e400000| PB 0x000000008e400000| Untracked 
|  63|0x000000008e500000, 0x000000008e500000, 0x000000008e600000|  0%| F|  |TAMS 0x000000008e500000| PB 0x000000008e500000| Untracked 
|  64|0x000000008e600000, 0x000000008e600000, 0x000000008e700000|  0%| F|  |TAMS 0x000000008e600000| PB 0x000000008e600000| Untracked 
|  65|0x000000008e700000, 0x000000008e700000, 0x000000008e800000|  0%| F|  |TAMS 0x000000008e700000| PB 0x000000008e700000| Untracked 
|  66|0x000000008e800000, 0x000000008e800000, 0x000000008e900000|  0%| F|  |TAMS 0x000000008e800000| PB 0x000000008e800000| Untracked 
|  67|0x000000008e900000, 0x000000008e900000, 0x000000008ea00000|  0%| F|  |TAMS 0x000000008e900000| PB 0x000000008e900000| Untracked 
|  68|0x000000008ea00000, 0x000000008ea00000, 0x000000008eb00000|  0%| F|  |TAMS 0x000000008ea00000| PB 0x000000008ea00000| Untracked 
|  69|0x000000008eb00000, 0x000000008eb00000, 0x000000008ec00000|  0%| F|  |TAMS 0x000000008eb00000| PB 0x000000008eb00000| Untracked 
|  70|0x000000008ec00000, 0x000000008ec00000, 0x000000008ed00000|  0%| F|  |TAMS 0x000000008ec00000| PB 0x000000008ec00000| Untracked 
|  71|0x000000008ed00000, 0x000000008ed00000, 0x000000008ee00000|  0%| F|  |TAMS 0x000000008ed00000| PB 0x000000008ed00000| Untracked 
|  72|0x000000008ee00000, 0x000000008ee00000, 0x000000008ef00000|  0%| F|  |TAMS 0x000000008ee00000| PB 0x000000008ee00000| Untracked 
|  73|0x000000008ef00000, 0x000000008ef00000, 0x000000008f000000|  0%| F|  |TAMS 0x000000008ef00000| PB 0x000000008ef00000| Untracked 
|  74|0x000000008f000000, 0x000000008f000000, 0x000000008f100000|  0%| F|  |TAMS 0x000000008f000000| PB 0x000000008f000000| Untracked 
|  75|0x000000008f100000, 0x000000008f100000, 0x000000008f200000|  0%| F|  |TAMS 0x000000008f100000| PB 0x000000008f100000| Untracked 
|  76|0x000000008f200000, 0x000000008f200000, 0x000000008f300000|  0%| F|  |TAMS 0x000000008f200000| PB 0x000000008f200000| Untracked 
|  77|0x000000008f300000, 0x000000008f300000, 0x000000008f400000|  0%| F|  |TAMS 0x000000008f300000| PB 0x000000008f300000| Untracked 
|  78|0x000000008f400000, 0x000000008f400000, 0x000000008f500000|  0%| F|  |TAMS 0x000000008f400000| PB 0x000000008f400000| Untracked 
|  79|0x000000008f500000, 0x000000008f500000, 0x000000008f600000|  0%| F|  |TAMS 0x000000008f500000| PB 0x000000008f500000| Untracked 
|  80|0x000000008f600000, 0x000000008f600000, 0x000000008f700000|  0%| F|  |TAMS 0x000000008f600000| PB 0x000000008f600000| Untracked 
|  81|0x000000008f700000, 0x000000008f700000, 0x000000008f800000|  0%| F|  |TAMS 0x000000008f700000| PB 0x000000008f700000| Untracked 
|  82|0x000000008f800000, 0x000000008f800000, 0x000000008f900000|  0%| F|  |TAMS 0x000000008f800000| PB 0x000000008f800000| Untracked 
|  83|0x000000008f900000, 0x000000008f900000, 0x000000008fa00000|  0%| F|  |TAMS 0x000000008f900000| PB 0x000000008f900000| Untracked 
|  84|0x000000008fa00000, 0x000000008fa00000, 0x000000008fb00000|  0%| F|  |TAMS 0x000000008fa00000| PB 0x000000008fa00000| Untracked 
|  85|0x000000008fb00000, 0x000000008fb00000, 0x000000008fc00000|  0%| F|  |TAMS 0x000000008fb00000| PB 0x000000008fb00000| Untracked 
|  86|0x000000008fc00000, 0x000000008fc00000, 0x000000008fd00000|  0%| F|  |TAMS 0x000000008fc00000| PB 0x000000008fc00000| Untracked 
|  87|0x000000008fd00000, 0x000000008fd00000, 0x000000008fe00000|  0%| F|  |TAMS 0x000000008fd00000| PB 0x000000008fd00000| Untracked 
|  88|0x000000008fe00000, 0x000000008fe00000, 0x000000008ff00000|  0%| F|  |TAMS 0x000000008fe00000| PB 0x000000008fe00000| Untracked 
|  89|0x000000008ff00000, 0x000000008ff00000, 0x0000000090000000|  0%| F|  |TAMS 0x000000008ff00000| PB 0x000000008ff00000| Untracked 
|  90|0x0000000090000000, 0x0000000090000000, 0x0000000090100000|  0%| F|  |TAMS 0x0000000090000000| PB 0x0000000090000000| Untracked 
|  91|0x0000000090100000, 0x0000000090100000, 0x0000000090200000|  0%| F|  |TAMS 0x0000000090100000| PB 0x0000000090100000| Untracked 
|  92|0x0000000090200000, 0x0000000090200000, 0x0000000090300000|  0%| F|  |TAMS 0x0000000090200000| PB 0x0000000090200000| Untracked 
|  93|0x0000000090300000, 0x0000000090300000, 0x0000000090400000|  0%| F|  |TAMS 0x0000000090300000| PB 0x0000000090300000| Untracked 
|  94|0x0000000090400000, 0x0000000090400000, 0x0000000090500000|  0%| F|  |TAMS 0x0000000090400000| PB 0x0000000090400000| Untracked 
|  95|0x0000000090500000, 0x0000000090500000, 0x0000000090600000|  0%| F|  |TAMS 0x0000000090500000| PB 0x0000000090500000| Untracked 
|  96|0x0000000090600000, 0x0000000090600000, 0x0000000090700000|  0%| F|  |TAMS 0x0000000090600000| PB 0x0000000090600000| Untracked 
|  97|0x0000000090700000, 0x0000000090700000, 0x0000000090800000|  0%| F|  |TAMS 0x0000000090700000| PB 0x0000000090700000| Untracked 
|  98|0x0000000090800000, 0x0000000090800000, 0x0000000090900000|  0%| F|  |TAMS 0x0000000090800000| PB 0x0000000090800000| Untracked 
|  99|0x0000000090900000, 0x0000000090900000, 0x0000000090a00000|  0%| F|  |TAMS 0x0000000090900000| PB 0x0000000090900000| Untracked 
| 100|0x0000000090a00000, 0x0000000090a00000, 0x0000000090b00000|  0%| F|  |TAMS 0x0000000090a00000| PB 0x0000000090a00000| Untracked 
| 101|0x0000000090b00000, 0x0000000090b00000, 0x0000000090c00000|  0%| F|  |TAMS 0x0000000090b00000| PB 0x0000000090b00000| Untracked 
| 102|0x0000000090c00000, 0x0000000090c00000, 0x0000000090d00000|  0%| F|  |TAMS 0x0000000090c00000| PB 0x0000000090c00000| Untracked 
| 103|0x0000000090d00000, 0x0000000090d00000, 0x0000000090e00000|  0%| F|  |TAMS 0x0000000090d00000| PB 0x0000000090d00000| Untracked 
| 104|0x0000000090e00000, 0x0000000090e00000, 0x0000000090f00000|  0%| F|  |TAMS 0x0000000090e00000| PB 0x0000000090e00000| Untracked 
| 105|0x0000000090f00000, 0x0000000090f00000, 0x0000000091000000|  0%| F|  |TAMS 0x0000000090f00000| PB 0x0000000090f00000| Untracked 
| 106|0x0000000091000000, 0x0000000091000000, 0x0000000091100000|  0%| F|  |TAMS 0x0000000091000000| PB 0x0000000091000000| Untracked 
| 107|0x0000000091100000, 0x0000000091100000, 0x0000000091200000|  0%| F|  |TAMS 0x0000000091100000| PB 0x0000000091100000| Untracked 
| 108|0x0000000091200000, 0x0000000091200000, 0x0000000091300000|  0%| F|  |TAMS 0x0000000091200000| PB 0x0000000091200000| Untracked 
| 109|0x0000000091300000, 0x0000000091300000, 0x0000000091400000|  0%| F|  |TAMS 0x0000000091300000| PB 0x0000000091300000| Untracked 
| 110|0x0000000091400000, 0x0000000091400000, 0x0000000091500000|  0%| F|  |TAMS 0x0000000091400000| PB 0x0000000091400000| Untracked 
| 111|0x0000000091500000, 0x0000000091500000, 0x0000000091600000|  0%| F|  |TAMS 0x0000000091500000| PB 0x0000000091500000| Untracked 
| 112|0x0000000091600000, 0x0000000091600000, 0x0000000091700000|  0%| F|  |TAMS 0x0000000091600000| PB 0x0000000091600000| Untracked 
| 113|0x0000000091700000, 0x0000000091800000, 0x0000000091800000|100%| E|  |TAMS 0x0000000091700000| PB 0x0000000091700000| Complete 
| 114|0x0000000091800000, 0x0000000091900000, 0x0000000091900000|100%| E|CS|TAMS 0x0000000091800000| PB 0x0000000091800000| Complete 
| 115|0x0000000091900000, 0x0000000091a00000, 0x0000000091a00000|100%| E|CS|TAMS 0x0000000091900000| PB 0x0000000091900000| Complete 
| 116|0x0000000091a00000, 0x0000000091b00000, 0x0000000091b00000|100%| E|CS|TAMS 0x0000000091a00000| PB 0x0000000091a00000| Complete 
| 117|0x0000000091b00000, 0x0000000091c00000, 0x0000000091c00000|100%| E|CS|TAMS 0x0000000091b00000| PB 0x0000000091b00000| Complete 

Card table byte_map: [0x00000260b78b0000,0x00000260b7c60000] _byte_map_base: 0x00000260b745d000

Marking Bits: (CMBitMap*) 0x000002609fb99750
 Bits: [0x00000260b7c60000, 0x00000260b99c8000)

Polling page: 0x000002609dac0000

Metaspace:

Usage:
  Non-class:      3.88 MB used.
      Class:    479.43 KB used.
       Both:      4.35 MB used.

Virtual space:
  Non-class space:       64.00 MB reserved,       3.94 MB (  6%) committed,  1 nodes.
      Class space:        1.00 GB reserved,     512.00 KB ( <1%) committed,  1 nodes.
             Both:        1.06 GB reserved,       4.44 MB ( <1%) committed. 

Chunk freelists:
   Non-Class:  11.89 MB
       Class:  15.25 MB
        Both:  27.14 MB

MaxMetaspaceSize: unlimited
CompressedClassSpaceSize: 1.00 GB
Initial GC threshold: 21.00 MB
Current GC threshold: 21.00 MB
CDS: on
 - commit_granule_bytes: 65536.
 - commit_granule_words: 8192.
 - virtual_space_node_default_size: 8388608.
 - enlarge_chunks_in_place: 1.
 - use_allocation_guard: 0.


Internal statistics:

num_allocs_failed_limit: 0.
num_arena_births: 114.
num_arena_deaths: 0.
num_vsnodes_births: 2.
num_vsnodes_deaths: 0.
num_space_committed: 71.
num_space_uncommitted: 0.
num_chunks_returned_to_freelist: 0.
num_chunks_taken_from_freelist: 133.
num_chunk_merges: 0.
num_chunk_splits: 84.
num_chunks_enlarged: 36.
num_inconsistent_stats: 0.

CodeHeap 'non-profiled nmethods': size=120000Kb used=130Kb max_used=130Kb free=119869Kb
 bounds [0x00000260afa80000, 0x00000260afcf0000, 0x00000260b6fb0000]
CodeHeap 'profiled nmethods': size=120000Kb used=658Kb max_used=658Kb free=119341Kb
 bounds [0x00000260a7fb0000, 0x00000260a8220000, 0x00000260af4e0000]
CodeHeap 'non-nmethods': size=5760Kb used=1397Kb max_used=1397Kb free=4363Kb
 bounds [0x00000260af4e0000, 0x00000260af750000, 0x00000260afa80000]
 total_blobs=945 nmethods=451 adapters=399
 compilation: enabled
              stopped_count=0, restarted_count=0
 full_count=0

Compilation events (20 events):
Event: 0.618 Thread 0x00000260bc61f320  439       3       java.lang.String::endsWith (15 bytes)
Event: 0.618 Thread 0x00000260bc61f320 nmethod 439 0x00000260a8051310 code [0x00000260a80514e0, 0x00000260a8051818]
Event: 0.621 Thread 0x00000260bc61f320  440       1       java.lang.reflect.Field::getName (5 bytes)
Event: 0.621 Thread 0x00000260bc61f320 nmethod 440 0x00000260afa9f590 code [0x00000260afa9f720, 0x00000260afa9f7e8]
Event: 0.623 Thread 0x00000260bc61f320  444       3       java.lang.ref.Reference::<init> (7 bytes)
Event: 0.623 Thread 0x00000260bc61f320 nmethod 444 0x00000260a8051a10 code [0x00000260a8051bc0, 0x00000260a8051e70]
Event: 0.623 Thread 0x00000260bc61f320  445       3       sun.util.logging.PlatformLogger::isLoggable (23 bytes)
Event: 0.624 Thread 0x00000260bc61f320 nmethod 445 0x00000260a8051f90 code [0x00000260a8052160, 0x00000260a8052440]
Event: 0.624 Thread 0x00000260bc61f320  446       3       jdk.internal.logger.AbstractLoggerWrapper::isLoggable (26 bytes)
Event: 0.624 Thread 0x00000260bc61f320 nmethod 446 0x00000260a8052590 code [0x00000260a8052780, 0x00000260a8052d20]
Event: 0.625 Thread 0x00000260bc61f320  447   !   3       sun.awt.AppContext::get (123 bytes)
Event: 0.625 Thread 0x00000260bc61f320 nmethod 447 0x00000260a8052e90 code [0x00000260a80530c0, 0x00000260a8053b18]
Event: 0.625 Thread 0x00000260bc61f320  448       1       java.beans.PropertyChangeEvent::getPropertyName (5 bytes)
Event: 0.625 Thread 0x00000260bc61f320 nmethod 448 0x00000260afaa0290 code [0x00000260afaa0420, 0x00000260afaa04e8]
Event: 0.626 Thread 0x00000260bc61f320  449       3       sun.awt.AppContext::getAppContext (51 bytes)
Event: 0.626 Thread 0x00000260bc61f320 nmethod 449 0x00000260a8053e90 code [0x00000260a80540c0, 0x00000260a8054888]
Event: 0.626 Thread 0x00000260bc61f320  450       1       java.beans.PropertyChangeEvent::getOldValue (5 bytes)
Event: 0.626 Thread 0x00000260bc61f320 nmethod 450 0x00000260afaa0590 code [0x00000260afaa0720, 0x00000260afaa07e8]
Event: 0.626 Thread 0x00000260bc61f320  451       1       java.beans.PropertyChangeEvent::getNewValue (5 bytes)
Event: 0.626 Thread 0x00000260bc61f320 nmethod 451 0x00000260afaa0890 code [0x00000260afaa0a20, 0x00000260afaa0ae8]

GC Heap History (0 events):
No events

Dll operation events (5 events):
Event: 0.010 Loaded shared library C:\Program Files\Java\jdk-21\bin\java.dll
Event: 0.288 Loaded shared library C:\Program Files\Java\jdk-21\bin\jsvml.dll
Event: 0.319 Loaded shared library C:\Program Files\Java\jdk-21\bin\verify.dll
Event: 0.335 Loaded shared library C:\Program Files\Java\jdk-21\bin\jimage.dll
Event: 0.358 Loaded shared library C:\Program Files\Java\jdk-21\bin\awt.dll

Deoptimization events (0 events):
No events

Classes loaded (20 events):
Event: 0.630 Loading class javax/swing/text/DefaultEditorKit$VerticalPageAction done
Event: 0.630 Loading class javax/swing/text/DefaultEditorKit$PageAction
Event: 0.630 Loading class javax/swing/text/DefaultEditorKit$PageAction done
Event: 0.630 Loading class javax/swing/text/DefaultEditorKit$InsertBreakAction
Event: 0.630 Loading class javax/swing/text/DefaultEditorKit$InsertBreakAction done
Event: 0.630 Loading class javax/swing/text/DefaultEditorKit$BeepAction
Event: 0.630 Loading class javax/swing/text/DefaultEditorKit$BeepAction done
Event: 0.630 Loading class javax/swing/text/DefaultEditorKit$NextVisualPositionAction
Event: 0.630 Loading class javax/swing/text/DefaultEditorKit$NextVisualPositionAction done
Event: 0.630 Loading class javax/swing/text/DefaultEditorKit$BeginWordAction
Event: 0.630 Loading class javax/swing/text/DefaultEditorKit$BeginWordAction done
Event: 0.630 Loading class javax/swing/text/DefaultEditorKit$EndWordAction
Event: 0.630 Loading class javax/swing/text/DefaultEditorKit$EndWordAction done
Event: 0.631 Loading class javax/swing/text/DefaultEditorKit$PreviousWordAction
Event: 0.631 Loading class javax/swing/text/DefaultEditorKit$PreviousWordAction done
Event: 0.631 Loading class javax/swing/text/DefaultEditorKit$NextWordAction
Event: 0.631 Loading class javax/swing/text/DefaultEditorKit$NextWordAction done
Event: 0.631 Loading class javax/swing/text/DefaultEditorKit$BeginLineAction
Event: 0.631 Loading class javax/swing/text/DefaultEditorKit$BeginLineAction done
Event: 0.631 Loading class javax/swing/text/DefaultEditorKit$BeginLineUpAction

Classes unloaded (0 events):
No events

Classes redefined (0 events):
No events

Internal exceptions (9 events):
Event: 0.344 Thread 0x000002609d89c4d0 Exception <a 'java/lang/ClassNotFoundException'{0x0000000091a4afa8}: sun/awt/resources/spi/awtProvider> (0x0000000091a4afa8) 
thrown [s\open\src\hotspot\share\classfile\systemDictionary.cpp, line 312]
Event: 0.372 Thread 0x000002609d89c4d0 Exception <a 'java/io/FileNotFoundException'{0x000000009191afb0}> (0x000000009191afb0) 
thrown [s\open\src\hotspot\share\prims\jni.cpp, line 520]
Event: 0.379 Thread 0x000002609d89c4d0 Exception <a 'java/io/FileNotFoundException'{0x0000000091944f70}> (0x0000000091944f70) 
thrown [s\open\src\hotspot\share\prims\jni.cpp, line 520]
Event: 0.569 Thread 0x000002609d89c4d0 Exception <a 'java/lang/NoSuchMethodError'{0x00000000919de4c8}: 'void java.lang.invoke.DirectMethodHandle$Holder.invokeSpecial(java.lang.Object, java.lang.Object, java.lang.Object)'> (0x00000000919de4c8) 
thrown [s\open\src\hotspot\share\interpreter\linkResolver.cpp, line 773]
Event: 0.578 Thread 0x000002609d89c4d0 Exception <a 'java/lang/NoSuchMethodError'{0x00000000917049e0}: 'java.lang.Object java.lang.invoke.DirectMethodHandle$Holder.newInvokeSpecial(java.lang.Object, java.lang.Object, java.lang.Object, java.lang.Object, java.lang.Object)'> (0x00000000917049e0) 
thrown [s\open\src\hotspot\share\interpreter\linkResolver.cpp, line 773]
Event: 0.587 Thread 0x000002609d89c4d0 Exception <a 'java/lang/NoSuchMethodError'{0x0000000091730568}: 'java.lang.Object java.lang.invoke.DirectMethodHandle$Holder.invokeStatic(java.lang.Object, int, java.lang.Object)'> (0x0000000091730568) 
thrown [s\open\src\hotspot\share\interpreter\linkResolver.cpp, line 773]
Event: 0.610 Thread 0x000002609d89c4d0 Exception <a 'java/lang/ClassNotFoundException'{0x00000000917cf740}: com/sun/swing/internal/plaf/metal/resources/spi/metalProvider> (0x00000000917cf740) 
thrown [s\open\src\hotspot\share\classfile\systemDictionary.cpp, line 312]
Event: 0.611 Thread 0x000002609d89c4d0 Exception <a 'java/lang/ClassNotFoundException'{0x00000000917d36d0}: com/sun/swing/internal/plaf/basic/resources/spi/basicProvider> (0x00000000917d36d0) 
thrown [s\open\src\hotspot\share\classfile\systemDictionary.cpp, line 312]
Event: 0.622 Thread 0x000002609d89c4d0 Exception <a 'java/lang/NoSuchMethodError'{0x00000000917f3160}: 'int java.lang.invoke.Invokers$Holder.invokeExact_MT(java.lang.Object, java.lang.Object)'> (0x00000000917f3160) 
thrown [s\open\src\hotspot\share\interpreter\linkResolver.cpp, line 773]

ZGC Phase Switch (0 events):
No events

VM Operations (2 events):
Event: 0.609 Executing VM operation: HandshakeAllThreads (Deoptimize)
Event: 0.610 Executing VM operation: HandshakeAllThreads (Deoptimize) done

Events (14 events):
Event: 0.245 Thread 0x000002609d89c4d0 Thread added: 0x000002609d89c4d0
Event: 0.285 Thread 0x00000260bc607530 Thread added: 0x00000260bc607530
Event: 0.285 Thread 0x00000260bc608ba0 Thread added: 0x00000260bc608ba0
Event: 0.285 Thread 0x00000260bc60db50 Thread added: 0x00000260bc60db50
Event: 0.285 Thread 0x00000260bc60e5b0 Thread added: 0x00000260bc60e5b0
Event: 0.285 Thread 0x00000260bc60fc40 Thread added: 0x00000260bc60fc40
Event: 0.285 Thread 0x00000260bc610f70 Thread added: 0x00000260bc610f70
Event: 0.286 Thread 0x00000260bc61c4b0 Thread added: 0x00000260bc61c4b0
Event: 0.286 Thread 0x00000260bc61f320 Thread added: 0x00000260bc61f320
Event: 0.309 Thread 0x00000260bc8645e0 Thread added: 0x00000260bc8645e0
Event: 0.312 Thread 0x00000260bc86ae30 Thread added: 0x00000260bc86ae30
Event: 0.431 Thread 0x00000260bca33e80 Thread added: 0x00000260bca33e80
Event: 0.433 Thread 0x00000260bca36fb0 Thread added: 0x00000260bca36fb0
Event: 0.435 Thread 0x00000260bca3b7a0 Thread added: 0x00000260bca3b7a0


Dynamic libraries:
0x00007ff7555b0000 - 0x00007ff7555c0000 	C:\Program Files\Java\jdk-21\bin\javaw.exe
0x00007ff878530000 - 0x00007ff878747000 	C:\Windows\SYSTEM32\ntdll.dll
0x00007ff876b70000 - 0x00007ff876c34000 	C:\Windows\System32\KERNEL32.DLL
0x00007ff875c30000 - 0x00007ff875fdc000 	C:\Windows\System32\KERNELBASE.dll
0x00007ff876090000 - 0x00007ff8761a1000 	C:\Windows\System32\ucrtbase.dll
0x00007ff86f430000 - 0x00007ff86f44b000 	C:\Program Files\Java\jdk-21\bin\VCRUNTIME140.dll
0x00007ff85bee0000 - 0x00007ff85bef9000 	C:\Program Files\Java\jdk-21\bin\jli.dll
0x00007ff876df0000 - 0x00007ff876ea2000 	C:\Windows\System32\ADVAPI32.dll
0x00007ff876300000 - 0x00007ff8763a7000 	C:\Windows\System32\msvcrt.dll
0x00007ff8763d0000 - 0x00007ff876478000 	C:\Windows\System32\sechost.dll
0x00007ff8759f0000 - 0x00007ff875a18000 	C:\Windows\System32\bcrypt.dll
0x00007ff876eb0000 - 0x00007ff876fc5000 	C:\Windows\System32\RPCRT4.dll
0x00007ff877400000 - 0x00007ff8775ae000 	C:\Windows\System32\USER32.dll
0x00007ff876060000 - 0x00007ff876086000 	C:\Windows\System32\win32u.dll
0x00007ff876b30000 - 0x00007ff876b59000 	C:\Windows\System32\GDI32.dll
0x00007ff85ed20000 - 0x00007ff85efb3000 	C:\Windows\WinSxS\amd64_microsoft.windows.common-controls_6595b64144ccf1df_6.0.22621.3672_none_2713b9d173822955\COMCTL32.dll
0x00007ff875860000 - 0x00007ff875979000 	C:\Windows\System32\gdi32full.dll
0x00007ff875b90000 - 0x00007ff875c2a000 	C:\Windows\System32\msvcp_win.dll
0x00007ff86e010000 - 0x00007ff86e01a000 	C:\Windows\SYSTEM32\VERSION.dll
0x00007ff877030000 - 0x00007ff877061000 	C:\Windows\System32\IMM32.DLL
0x00007ff85ff00000 - 0x00007ff85ff0c000 	C:\Program Files\Java\jdk-21\bin\vcruntime140_1.dll
0x00007fffed880000 - 0x00007fffed90e000 	C:\Program Files\Java\jdk-21\bin\msvcp140.dll
0x00007fffeec60000 - 0x00007fffef977000 	C:\Program Files\Java\jdk-21\bin\server\jvm.dll
0x00007ff877a40000 - 0x00007ff877ab1000 	C:\Windows\System32\WS2_32.dll
0x00007ff875720000 - 0x00007ff87576d000 	C:\Windows\SYSTEM32\POWRPROF.dll
0x00007ff86f2b0000 - 0x00007ff86f2e4000 	C:\Windows\SYSTEM32\WINMM.dll
0x00007ff875700000 - 0x00007ff875713000 	C:\Windows\SYSTEM32\UMPDC.dll
0x00007ff874850000 - 0x00007ff874868000 	C:\Windows\SYSTEM32\kernel.appcore.dll
0x00007ff86f900000 - 0x00007ff86f90a000 	C:\Program Files\Java\jdk-21\bin\jimage.dll
0x00007ff86c560000 - 0x00007ff86c792000 	C:\Windows\SYSTEM32\DBGHELP.DLL
0x00007ff8767a0000 - 0x00007ff876b28000 	C:\Windows\System32\combase.dll
0x00007ff877290000 - 0x00007ff877367000 	C:\Windows\System32\OLEAUT32.dll
0x00007ff8555f0000 - 0x00007ff855622000 	C:\Windows\SYSTEM32\dbgcore.DLL
0x00007ff875fe0000 - 0x00007ff87605b000 	C:\Windows\System32\bcryptPrimitives.dll
0x00007ff851350000 - 0x00007ff85136f000 	C:\Program Files\Java\jdk-21\bin\java.dll
0x00007ff877ac0000 - 0x00007ff87831c000 	C:\Windows\System32\SHELL32.dll
0x00007ff873720000 - 0x00007ff874017000 	C:\Windows\SYSTEM32\windows.storage.dll
0x00007ff8735e0000 - 0x00007ff87371f000 	C:\Windows\SYSTEM32\wintypes.dll
0x00007ff8783f0000 - 0x00007ff8784e4000 	C:\Windows\System32\SHCORE.dll
0x00007ff876fd0000 - 0x00007ff87702e000 	C:\Windows\System32\shlwapi.dll
0x00007ff875790000 - 0x00007ff8757b1000 	C:\Windows\SYSTEM32\profapi.dll
0x00007ff8300b0000 - 0x00007ff830187000 	C:\Program Files\Java\jdk-21\bin\jsvml.dll
0x00007ff84fdd0000 - 0x00007ff84fde0000 	C:\Program Files\Java\jdk-21\bin\verify.dll
0x00007fffeac80000 - 0x00007fffeae0f000 	C:\Program Files\Java\jdk-21\bin\awt.dll
0x00007ff872b60000 - 0x00007ff872bf7000 	C:\Windows\SYSTEM32\apphelp.dll
0x00007ff873170000 - 0x00007ff87319b000 	C:\Windows\system32\DWMAPI.DLL
0x00007ff872d30000 - 0x00007ff872dda000 	C:\Windows\system32\uxtheme.dll
0x00007ff802f20000 - 0x00007ff803020000 	C:\Windows\system32\opengl32.dll
0x00007ff802870000 - 0x00007ff80289d000 	C:\Windows\SYSTEM32\GLU32.dll
0x00007ff872e30000 - 0x00007ff872e69000 	C:\Windows\SYSTEM32\dxcore.dll
0x00007ff8770d0000 - 0x00007ff877223000 	C:\Windows\System32\MSCTF.dll
0x00007ff876c40000 - 0x00007ff876de5000 	C:\Windows\System32\ole32.dll
0x00007ff803830000 - 0x00007ff8039d8000 	C:\Windows\system32\d3d9.dll
0x00007ff86a380000 - 0x00007ff86a53b000 	C:\Windows\System32\DriverStore\FileRepository\u0382224.inf_amd64_c734d32d6997cdb7\B380779\aticfx64.dll
0x00007ff85fec0000 - 0x00007ff85fef4000 	C:\Windows\System32\DriverStore\FileRepository\u0382224.inf_amd64_c734d32d6997cdb7\B380779\atiu9p64.dll
0x00007fffe5190000 - 0x00007fffe5ee5000 	C:\Windows\System32\DriverStore\FileRepository\u0382224.inf_amd64_c734d32d6997cdb7\B380779\atiumd64.dll
0x00000000531e0000 - 0x0000000054106000 	C:\Windows\System32\DriverStore\FileRepository\u0382224.inf_amd64_c734d32d6997cdb7\B380779\atiumd6a.dll
0x00007ff8775b0000 - 0x00007ff877a24000 	C:\Windows\System32\SETUPAPI.dll
0x00007ff867ce0000 - 0x00007ff867d15000 	C:\Windows\SYSTEM32\amdihk64.dll
0x00007ff86bc20000 - 0x00007ff86bc69000 	C:\Windows\SYSTEM32\directxdatabasehelper.dll

dbghelp: loaded successfully - version: 4.0.5 - missing functions: none
symbol engine: initialized successfully - sym options: 0x614 - pdb path: .;C:\Program Files\Java\jdk-21\bin;C:\Windows\SYSTEM32;C:\Windows\WinSxS\amd64_microsoft.windows.common-controls_6595b64144ccf1df_6.0.22621.3672_none_2713b9d173822955;C:\Program Files\Java\jdk-21\bin\server;C:\Windows\System32\DriverStore\FileRepository\u0382224.inf_amd64_c734d32d6997cdb7\B380779

VM Arguments:
jvm_args: -Dfile.encoding=UTF-8 -Dstdout.encoding=UTF-8 -Dstderr.encoding=UTF-8 -XX:+ShowCodeDetailsInExceptionMessages 
java_command: Bank_Management_System1.SingUp_1
java_class_path (initial): E:\Bank Management System\bin
Launcher Type: SUN_STANDARD

[Global flags]
     intx CICompilerCount                          = 4                                         {product} {ergonomic}
     uint ConcGCThreads                            = 3                                         {product} {ergonomic}
     uint G1ConcRefinementThreads                  = 10                                        {product} {ergonomic}
   size_t G1HeapRegionSize                         = 1048576                                   {product} {ergonomic}
    uintx GCDrainStackTargetSize                   = 64                                        {product} {ergonomic}
   size_t InitialHeapSize                          = 123731968                                 {product} {ergonomic}
   size_t MarkStackSize                            = 4194304                                   {product} {ergonomic}
   size_t MaxHeapSize                              = 1973420032                                {product} {ergonomic}
   size_t MaxNewSize                               = 1183842304                                {product} {ergonomic}
   size_t MinHeapDeltaBytes                        = 1048576                                   {product} {ergonomic}
   size_t MinHeapSize                              = 8388608                                   {product} {ergonomic}
    uintx NonNMethodCodeHeapSize                   = 5839372                                {pd product} {ergonomic}
    uintx NonProfiledCodeHeapSize                  = 122909434                              {pd product} {ergonomic}
    uintx ProfiledCodeHeapSize                     = 122909434                              {pd product} {ergonomic}
    uintx ReservedCodeCacheSize                    = 251658240                              {pd product} {ergonomic}
     bool SegmentedCodeCache                       = true                                      {product} {ergonomic}
     bool ShowCodeDetailsInExceptionMessages       = true                                   {manageable} {command line}
   size_t SoftMaxHeapSize                          = 1973420032                             {manageable} {ergonomic}
     bool UseCompressedOops                        = true                           {product lp64_product} {ergonomic}
     bool UseG1GC                                  = true                                      {product} {ergonomic}
     bool UseLargePagesIndividualAllocation        = false                                  {pd product} {ergonomic}

Logging:
Log output configuration:
 #0: stdout all=warning uptime,level,tags foldmultilines=false
 #1: stderr all=off uptime,level,tags foldmultilines=false

Environment Variables:
PATH=C:/Program Files/Java/jdk-21/bin/server;C:/Program Files/Java/jdk-21/bin;C:\Program Files\Common Files\Oracle\Java\javapath;E:\oracle\product\10.2.0\db_2\bin;C:\Python312\Scripts\;C:\Python312\;C:\Windows\system32;C:\Windows;C:\Windows\System32\Wbem;C:\Windows\System32\WindowsPowerShell\v1.0\;C:\Windows\System32\OpenSSH\;C:\Program Files\nodejs\;C:\ProgramData\chocolatey\bin;C:\Program Files\MySQL\MySQL Server 8.0\bin;C:\Program Files\Java\jdk-21\bin;C:\Program Files\Git\cmd;C:\Program Files\Microsoft SQL Server\120\Tools\Binn\;C:\Program Files\Common Files\Autodesk Shared\;C:\Program Files\MySQL\MySQL Shell 8.0\bin\;C:\Users\73200\AppData\Local\Microsoft\WindowsApps;C:\Users\73200\AppData\Local\Programs\Microsoft VS Code\bin;C:\Users\73200\AppData\Roaming\npm;C:\Users\73200\Desktop;
USERNAME=73200
OS=Windows_NT
PROCESSOR_IDENTIFIER=AMD64 Family 25 Model 80 Stepping 0, AuthenticAMD
TMP=C:\Users\73200\AppData\Local\Temp
TEMP=C:\Users\73200\AppData\Local\Temp




Periodic native trim disabled

---------------  S Y S T E M  ---------------

OS:
 Windows 11 , 64 bit Build 22621 (10.0.22621.3672)
OS uptime: 2 days 1:56 hours
Hyper-V role detected

CPU: total 12 (initial active 12) (12 cores per cpu, 2 threads per core) family 25 model 80 stepping 0 microcode 0x0, cx8, cmov, fxsr, ht, mmx, 3dnowpref, sse, sse2, sse3, ssse3, sse4a, sse4.1, sse4.2, popcnt, lzcnt, tsc, tscinvbit, avx, avx2, aes, erms, clmul, bmi1, bmi2, adx, sha, fma, vzeroupper, clflush, clflushopt, hv, rdtscp, rdpid, fsrm, f16c, cet_ss
Processor Information for processor 0
  Max Mhz: 3301, Current Mhz: 1805, Mhz Limit: 3301
Processor Information for processor 1
  Max Mhz: 3301, Current Mhz: 1805, Mhz Limit: 3301
Processor Information for processor 2
  Max Mhz: 3301, Current Mhz: 3301, Mhz Limit: 3301
Processor Information for processor 3
  Max Mhz: 3301, Current Mhz: 1805, Mhz Limit: 3301
Processor Information for processor 4
  Max Mhz: 3301, Current Mhz: 1805, Mhz Limit: 3301
Processor Information for processor 5
  Max Mhz: 3301, Current Mhz: 1805, Mhz Limit: 3301
Processor Information for processor 6
  Max Mhz: 3301, Current Mhz: 1805, Mhz Limit: 3301
Processor Information for processor 7
  Max Mhz: 3301, Current Mhz: 1805, Mhz Limit: 3301
Processor Information for processor 8
  Max Mhz: 3301, Current Mhz: 1805, Mhz Limit: 3301
Processor Information for processor 9
  Max Mhz: 3301, Current Mhz: 1805, Mhz Limit: 3301
Processor Information for processor 10
  Max Mhz: 3301, Current Mhz: 3301, Mhz Limit: 3301
Processor Information for processor 11
  Max Mhz: 3301, Current Mhz: 1805, Mhz Limit: 3301

Memory: 4k page, system-wide physical 7521M (419M free)
TotalPageFile size 25280M (AvailPageFile size 1M)
current process WorkingSet (physical memory assigned to process): 59M, peak: 59M
current process commit charge ("private bytes"): 224M, peak: 224M

vm_info: Java HotSpot(TM) 64-Bit Server VM (21.0.2+13-LTS-58) for windows-amd64 JRE (21.0.2+13-LTS-58), built on 2024-01-05T18:32:24Z by "mach5one" with MS VC++ 17.1 (VS2022)

END.
